<?xml version="1.0" encoding="UTF-8"?>
<!-- Generated by org.testng.reporters.JUnitXMLReporter -->
<testsuite ignored="0" hostname="DESKTOP-RVS2P37" failures="0" tests="10" name="Default test" time="2.047" errors="0" timestamp="2021-10-31T03:11:58 EET">
  <testcase classname="Tests.POST_Testcases" name="CheckPostResponseFailWhenRemoveMandatoryParam" time="0.722"/>
  <testcase classname="Tests.POST_Testcases" name="CheckPostResponseSuccess" time="0.16"/>
  <testcase classname="Tests.POST_Testcases" name="CheckPostResponseSuccessWhenRemoveOptionalParam" time="0.148"/>
  <testcase classname="Tests.GET_Testcases" name="CheckGetIdContainsCorrectName" time="0.031"/>
  <testcase classname="Tests.GET_Testcases" name="CheckGetIdWithIncorrectName" time="0.014"/>
  <testcase classname="Tests.GET_Testcases" name="CheckGetResponseFail" time="0.014"/>
  <testcase classname="Tests.GET_Testcases" name="CheckGetResponseSuccess" time="0.013"/>
  <testcase classname="Tests.GET_Testcases" name="PostThenGetNewProductByID" time="0.185"/>
  <testcase classname="Tests.DELETE_Testcases" name="PostThenDeleteNewProductByID" time="0.332"/>
  <testcase classname="Tests.DELETE_Testcases" name="PostThenDeleteNewProductByIDx2" time="0.347"/>
</testsuite> <!-- Default test -->
