<?xml version="1.0" encoding="UTF-8"?>
<testng-results ignored="2" total="3" passed="0" failed="1" skipped="0">
  <reporter-output>
  </reporter-output>
  <suite started-at="2021-10-27T04:17:34 EET" name="Default suite" finished-at="2021-10-27T04:17:35 EET" duration-ms="895">
    <groups>
    </groups>
    <test started-at="2021-10-27T04:17:34 EET" name="Default test" finished-at="2021-10-27T04:17:35 EET" duration-ms="895">
      <class name="Tests.LoginPageTest">
        <test-method is-config="true" signature="SetUp()[pri:0, instance:Tests.LoginPageTest@72057ecf]" started-at="2021-10-27T04:17:27 EET" name="SetUp" finished-at="2021-10-27T04:17:34 EET" duration-ms="6556" status="PASS">
          <reporter-output>
          </reporter-output>
        </test-method> <!-- SetUp -->
        <test-method signature="FailedPasswordLogin()[pri:0, instance:Tests.LoginPageTest@72057ecf]" started-at="2021-10-27T04:17:34 EET" name="FailedPasswordLogin" finished-at="2021-10-27T04:17:34 EET" duration-ms="7" status="FAIL">
          <exception class="java.lang.NullPointerException">
            <message>
              <![CDATA[Cannot invoke "Pages.LoginPage.SetUsername(String)" because "this.loginpage" is null]]>
            </message>
            <full-stacktrace>
              <![CDATA[java.lang.NullPointerException: Cannot invoke "Pages.LoginPage.SetUsername(String)" because "this.loginpage" is null
at Tests.LoginPageTest.FailedPasswordLogin(LoginPageTest.java:74)
at java.base/jdk.internal.reflect.NativeMethodAccessorImpl.invoke0(Native Method)
at java.base/jdk.internal.reflect.NativeMethodAccessorImpl.invoke(NativeMethodAccessorImpl.java:78)
at java.base/jdk.internal.reflect.DelegatingMethodAccessorImpl.invoke(DelegatingMethodAccessorImpl.java:43)
at java.base/java.lang.reflect.Method.invoke(Method.java:567)
at org.testng.internal.MethodInvocationHelper.invokeMethod(MethodInvocationHelper.java:133)
at org.testng.internal.TestInvoker.invokeMethod(TestInvoker.java:598)
at org.testng.internal.TestInvoker.invokeTestMethod(TestInvoker.java:173)
at org.testng.internal.MethodRunner.runInSequence(MethodRunner.java:46)
at org.testng.internal.TestInvoker$MethodInvocationAgent.invoke(TestInvoker.java:824)
at org.testng.internal.TestInvoker.invokeTestMethods(TestInvoker.java:146)
at org.testng.internal.TestMethodWorker.invokeTestMethods(TestMethodWorker.java:146)
at org.testng.internal.TestMethodWorker.run(TestMethodWorker.java:128)
at java.base/java.util.ArrayList.forEach(ArrayList.java:1511)
at org.testng.TestRunner.privateRun(TestRunner.java:794)
at org.testng.TestRunner.run(TestRunner.java:596)
at org.testng.SuiteRunner.runTest(SuiteRunner.java:377)
at org.testng.SuiteRunner.runSequentially(SuiteRunner.java:371)
at org.testng.SuiteRunner.privateRun(SuiteRunner.java:332)
at org.testng.SuiteRunner.run(SuiteRunner.java:276)
at org.testng.SuiteRunnerWorker.runSuite(SuiteRunnerWorker.java:53)
at org.testng.SuiteRunnerWorker.run(SuiteRunnerWorker.java:96)
at org.testng.TestNG.runSuitesSequentially(TestNG.java:1212)
at org.testng.TestNG.runSuitesLocally(TestNG.java:1134)
at org.testng.TestNG.runSuites(TestNG.java:1063)
at org.testng.TestNG.run(TestNG.java:1031)
at org.testng.remote.AbstractRemoteTestNG.run(AbstractRemoteTestNG.java:115)
at org.testng.remote.RemoteTestNG.initAndRun(RemoteTestNG.java:251)
at org.testng.remote.RemoteTestNG.main(RemoteTestNG.java:77)
]]>
            </full-stacktrace>
          </exception> <!-- java.lang.NullPointerException -->
          <reporter-output>
          </reporter-output>
        </test-method> <!-- FailedPasswordLogin -->
        <test-method is-config="true" signature="ReturnToHome()[pri:0, instance:Tests.LoginPageTest@72057ecf]" started-at="2021-10-27T04:17:34 EET" name="ReturnToHome" finished-at="2021-10-27T04:17:35 EET" duration-ms="849" status="PASS">
          <reporter-output>
          </reporter-output>
        </test-method> <!-- ReturnToHome -->
        <test-method is-config="true" signature="Quit()[pri:0, instance:Tests.LoginPageTest@72057ecf]" started-at="2021-10-27T04:17:35 EET" name="Quit" finished-at="2021-10-27T04:17:35 EET" duration-ms="376" status="PASS">
          <reporter-output>
          </reporter-output>
        </test-method> <!-- Quit -->
      </class> <!-- Tests.LoginPageTest -->
    </test> <!-- Default test -->
  </suite> <!-- Default suite -->
</testng-results>
